[2017-06-13 16:59:49.828][main][INFO][][]o.s.c.a.AnnotationConfigApplicationContext:582 Refreshing org.springframework.context.annotation.AnnotationConfigApplicationContext@51f116b8: startup date [Tue Jun 13 16:59:49 CST 2017]; root of context hierarchy
[2017-06-13 16:59:50.379][main][INFO][][]o.s.b.f.a.AutowiredAnnotationBeanPostProcessor:155 JSR-330 'javax.inject.Inject' annotation found and supported for autowiring
[2017-06-13 16:59:50.543][main][INFO][][]o.s.c.s.PostProcessorRegistrationDelegate$BeanPostProcessorChecker:325 Bean 'configurationPropertiesRebinderAutoConfiguration' of type [org.springframework.cloud.autoconfigure.ConfigurationPropertiesRebinderAutoConfiguration$$EnhancerBySpringCGLIB$$be34f338] is not eligible for getting processed by all BeanPostProcessors (for example: not eligible for auto-proxying)
[2017-06-13 16:59:50.932][background-preinit][INFO][][]o.h.v.i.u.Version:30 HV000001: Hibernate Validator 5.3.5.Final
[2017-06-13 16:59:52.303][main][INFO][][]c.m.c.GatewayApplication:637 No active profile set, falling back to default profiles: default
[2017-06-13 16:59:52.351][main][INFO][][]o.s.b.c.e.AnnotationConfigEmbeddedWebApplicationContext:582 Refreshing org.springframework.boot.context.embedded.AnnotationConfigEmbeddedWebApplicationContext@76f7d241: startup date [Tue Jun 13 16:59:52 CST 2017]; parent: org.springframework.context.annotation.AnnotationConfigApplicationContext@51f116b8
[2017-06-13 16:59:55.116][main][INFO][][]o.s.c.c.s.GenericScope:263 BeanFactory id=7b38ef6a-b9d4-3bed-b9ec-8ba4ebae3f29
[2017-06-13 16:59:55.176][main][INFO][][]o.s.b.f.a.AutowiredAnnotationBeanPostProcessor:155 JSR-330 'javax.inject.Inject' annotation found and supported for autowiring
[2017-06-13 16:59:55.433][main][INFO][][]o.s.c.s.PostProcessorRegistrationDelegate$BeanPostProcessorChecker:325 Bean 'org.springframework.cloud.netflix.metrics.MetricsInterceptorConfiguration$MetricsRestTemplateConfiguration' of type [org.springframework.cloud.netflix.metrics.MetricsInterceptorConfiguration$MetricsRestTemplateConfiguration$$EnhancerBySpringCGLIB$$d447967c] is not eligible for getting processed by all BeanPostProcessors (for example: not eligible for auto-proxying)
[2017-06-13 16:59:55.710][main][INFO][][]o.s.c.s.PostProcessorRegistrationDelegate$BeanPostProcessorChecker:325 Bean 'org.springframework.cloud.autoconfigure.ConfigurationPropertiesRebinderAutoConfiguration' of type [org.springframework.cloud.autoconfigure.ConfigurationPropertiesRebinderAutoConfiguration$$EnhancerBySpringCGLIB$$be34f338] is not eligible for getting processed by all BeanPostProcessors (for example: not eligible for auto-proxying)
[2017-06-13 16:59:57.133][main][INFO][][]o.s.b.c.e.t.TomcatEmbeddedServletContainer:89 Tomcat initialized with port(s): 8769 (http)
[2017-06-13 16:59:57.174][main][INFO][][]o.a.c.c.StandardService:179 Starting service Tomcat
[2017-06-13 16:59:57.177][main][INFO][][]o.a.c.c.StandardEngine:179 Starting Servlet Engine: Apache Tomcat/8.5.14
[2017-06-13 16:59:58.116][localhost-startStop-1][INFO][][]o.a.c.c.C.[.[.[/]:179 Initializing Spring embedded WebApplicationContext
[2017-06-13 16:59:58.120][localhost-startStop-1][INFO][][]o.s.w.c.ContextLoader:276 Root WebApplicationContext: initialization completed in 5769 ms
[2017-06-13 16:59:59.585][localhost-startStop-1][WARN][][]c.n.c.s.URLConfigurationSource:121 No URLs will be polled as dynamic configuration sources.
[2017-06-13 16:59:59.586][localhost-startStop-1][INFO][][]c.n.c.s.URLConfigurationSource:122 To enable URLs as dynamic configuration sources, define System property archaius.configurationSource.additionalUrls or make config.properties available on classpath.
[2017-06-13 16:59:59.604][localhost-startStop-1][INFO][][]c.n.c.DynamicPropertyFactory:281 DynamicPropertyFactory is initialized with configuration sources: com.netflix.config.ConcurrentCompositeConfiguration@3c1a2511
[2017-06-13 17:00:00.358][localhost-startStop-1][INFO][][]o.s.b.w.s.ServletRegistrationBean:190 Mapping servlet: 'zuulServlet' to [/zuul/*]
[2017-06-13 17:00:00.360][localhost-startStop-1][INFO][][]o.s.b.w.s.ServletRegistrationBean:190 Mapping servlet: 'dispatcherServlet' to [/]
[2017-06-13 17:00:00.366][localhost-startStop-1][INFO][][]o.s.b.w.s.FilterRegistrationBean:258 Mapping filter: 'metricsFilter' to: [/*]
[2017-06-13 17:00:00.367][localhost-startStop-1][INFO][][]o.s.b.w.s.FilterRegistrationBean:258 Mapping filter: 'characterEncodingFilter' to: [/*]
[2017-06-13 17:00:00.368][localhost-startStop-1][INFO][][]o.s.b.w.s.FilterRegistrationBean:258 Mapping filter: 'hiddenHttpMethodFilter' to: [/*]
[2017-06-13 17:00:00.368][localhost-startStop-1][INFO][][]o.s.b.w.s.FilterRegistrationBean:258 Mapping filter: 'httpPutFormContentFilter' to: [/*]
[2017-06-13 17:00:00.368][localhost-startStop-1][INFO][][]o.s.b.w.s.FilterRegistrationBean:258 Mapping filter: 'requestContextFilter' to: [/*]
[2017-06-13 17:00:00.369][localhost-startStop-1][INFO][][]o.s.b.w.s.FilterRegistrationBean:258 Mapping filter: 'webRequestLoggingFilter' to: [/*]
[2017-06-13 17:00:00.369][localhost-startStop-1][INFO][][]o.s.b.w.s.FilterRegistrationBean:258 Mapping filter: 'applicationContextIdFilter' to: [/*]
[2017-06-13 17:00:00.410][localhost-startStop-1][INFO][][]o.s.c.n.z.ZuulFilterInitializer:65 Starting filter initializer context listener
[2017-06-13 17:00:02.088][main][INFO][][]o.s.w.s.m.m.a.RequestMappingHandlerAdapter:534 Looking for @ControllerAdvice: org.springframework.boot.context.embedded.AnnotationConfigEmbeddedWebApplicationContext@76f7d241: startup date [Tue Jun 13 16:59:52 CST 2017]; parent: org.springframework.context.annotation.AnnotationConfigApplicationContext@51f116b8
[2017-06-13 17:00:02.459][main][INFO][][]o.s.w.s.m.m.a.RequestMappingHandlerMapping:543 Mapped "{[/error]}" onto public org.springframework.http.ResponseEntity<java.util.Map<java.lang.String, java.lang.Object>> org.springframework.boot.autoconfigure.web.BasicErrorController.error(javax.servlet.http.HttpServletRequest)
[2017-06-13 17:00:02.461][main][INFO][][]o.s.w.s.m.m.a.RequestMappingHandlerMapping:543 Mapped "{[/error],produces=[text/html]}" onto public org.springframework.web.servlet.ModelAndView org.springframework.boot.autoconfigure.web.BasicErrorController.errorHtml(javax.servlet.http.HttpServletRequest,javax.servlet.http.HttpServletResponse)
[2017-06-13 17:00:02.676][main][INFO][][]o.s.w.s.h.SimpleUrlHandlerMapping:362 Mapped URL path [/webjars/**] onto handler of type [class org.springframework.web.servlet.resource.ResourceHttpRequestHandler]
[2017-06-13 17:00:02.677][main][INFO][][]o.s.w.s.h.SimpleUrlHandlerMapping:362 Mapped URL path [/**] onto handler of type [class org.springframework.web.servlet.resource.ResourceHttpRequestHandler]
[2017-06-13 17:00:02.827][main][INFO][][]o.s.w.s.h.SimpleUrlHandlerMapping:362 Mapped URL path [/**/favicon.ico] onto handler of type [class org.springframework.web.servlet.resource.ResourceHttpRequestHandler]
[2017-06-13 17:00:04.484][main][INFO][][]o.s.b.a.e.m.EndpointHandlerMapping:543 Mapped "{[/info || /info.json],methods=[GET],produces=[application/vnd.spring-boot.actuator.v1+json || application/json]}" onto public java.lang.Object org.springframework.boot.actuate.endpoint.mvc.EndpointMvcAdapter.invoke()
[2017-06-13 17:00:04.486][main][INFO][][]o.s.b.a.e.m.EndpointHandlerMapping:543 Mapped "{[/env],methods=[POST]}" onto public java.lang.Object org.springframework.cloud.context.environment.EnvironmentManagerMvcEndpoint.value(java.util.Map<java.lang.String, java.lang.String>)
[2017-06-13 17:00:04.487][main][INFO][][]o.s.b.a.e.m.EndpointHandlerMapping:543 Mapped "{[/env/reset],methods=[POST]}" onto public java.util.Map<java.lang.String, java.lang.Object> org.springframework.cloud.context.environment.EnvironmentManagerMvcEndpoint.reset()
[2017-06-13 17:00:04.488][main][INFO][][]o.s.b.a.e.m.EndpointHandlerMapping:543 Mapped "{[/heapdump || /heapdump.json],methods=[GET],produces=[application/octet-stream]}" onto public void org.springframework.boot.actuate.endpoint.mvc.HeapdumpMvcEndpoint.invoke(boolean,javax.servlet.http.HttpServletRequest,javax.servlet.http.HttpServletResponse) throws java.io.IOException,javax.servlet.ServletException
[2017-06-13 17:00:04.490][main][INFO][][]o.s.b.a.e.m.EndpointHandlerMapping:543 Mapped "{[/trace || /trace.json],methods=[GET],produces=[application/vnd.spring-boot.actuator.v1+json || application/json]}" onto public java.lang.Object org.springframework.boot.actuate.endpoint.mvc.EndpointMvcAdapter.invoke()
[2017-06-13 17:00:04.491][main][INFO][][]o.s.b.a.e.m.EndpointHandlerMapping:543 Mapped "{[/metrics/{name:.*}],methods=[GET],produces=[application/vnd.spring-boot.actuator.v1+json || application/json]}" onto public java.lang.Object org.springframework.boot.actuate.endpoint.mvc.MetricsMvcEndpoint.value(java.lang.String)
[2017-06-13 17:00:04.492][main][INFO][][]o.s.b.a.e.m.EndpointHandlerMapping:543 Mapped "{[/metrics || /metrics.json],methods=[GET],produces=[application/vnd.spring-boot.actuator.v1+json || application/json]}" onto public java.lang.Object org.springframework.boot.actuate.endpoint.mvc.EndpointMvcAdapter.invoke()
[2017-06-13 17:00:04.493][main][INFO][][]o.s.b.a.e.m.EndpointHandlerMapping:543 Mapped "{[/auditevents || /auditevents.json],methods=[GET],produces=[application/vnd.spring-boot.actuator.v1+json || application/json]}" onto public org.springframework.http.ResponseEntity<?> org.springframework.boot.actuate.endpoint.mvc.AuditEventsMvcEndpoint.findByPrincipalAndAfterAndType(java.lang.String,java.util.Date,java.lang.String)
[2017-06-13 17:00:04.494][main][INFO][][]o.s.b.a.e.m.EndpointHandlerMapping:543 Mapped "{[/refresh || /refresh.json],methods=[POST]}" onto public java.lang.Object org.springframework.cloud.endpoint.GenericPostableMvcEndpoint.invoke()
[2017-06-13 17:00:04.496][main][INFO][][]o.s.b.a.e.m.EndpointHandlerMapping:543 Mapped "{[/archaius || /archaius.json],methods=[GET],produces=[application/vnd.spring-boot.actuator.v1+json || application/json]}" onto public java.lang.Object org.springframework.boot.actuate.endpoint.mvc.EndpointMvcAdapter.invoke()
[2017-06-13 17:00:04.497][main][INFO][][]o.s.b.a.e.m.EndpointHandlerMapping:543 Mapped "{[/health || /health.json],methods=[GET],produces=[application/vnd.spring-boot.actuator.v1+json || application/json]}" onto public java.lang.Object org.springframework.boot.actuate.endpoint.mvc.HealthMvcEndpoint.invoke(javax.servlet.http.HttpServletRequest,java.security.Principal)
[2017-06-13 17:00:04.499][main][INFO][][]o.s.b.a.e.m.EndpointHandlerMapping:543 Mapped "{[/features || /features.json],methods=[GET],produces=[application/vnd.spring-boot.actuator.v1+json || application/json]}" onto public java.lang.Object org.springframework.boot.actuate.endpoint.mvc.EndpointMvcAdapter.invoke()
[2017-06-13 17:00:04.502][main][INFO][][]o.s.b.a.e.m.EndpointHandlerMapping:543 Mapped "{[/mappings || /mappings.json],methods=[GET],produces=[application/vnd.spring-boot.actuator.v1+json || application/json]}" onto public java.lang.Object org.springframework.boot.actuate.endpoint.mvc.EndpointMvcAdapter.invoke()
[2017-06-13 17:00:04.506][main][INFO][][]o.s.b.a.e.m.EndpointHandlerMapping:543 Mapped "{[/loggers/{name:.*}],methods=[GET],produces=[application/vnd.spring-boot.actuator.v1+json || application/json]}" onto public java.lang.Object org.springframework.boot.actuate.endpoint.mvc.LoggersMvcEndpoint.get(java.lang.String)
[2017-06-13 17:00:04.507][main][INFO][][]o.s.b.a.e.m.EndpointHandlerMapping:543 Mapped "{[/loggers/{name:.*}],methods=[POST],consumes=[application/vnd.spring-boot.actuator.v1+json || application/json],produces=[application/vnd.spring-boot.actuator.v1+json || application/json]}" onto public java.lang.Object org.springframework.boot.actuate.endpoint.mvc.LoggersMvcEndpoint.set(java.lang.String,java.util.Map<java.lang.String, java.lang.String>)
[2017-06-13 17:00:04.508][main][INFO][][]o.s.b.a.e.m.EndpointHandlerMapping:543 Mapped "{[/loggers || /loggers.json],methods=[GET],produces=[application/vnd.spring-boot.actuator.v1+json || application/json]}" onto public java.lang.Object org.springframework.boot.actuate.endpoint.mvc.EndpointMvcAdapter.invoke()
[2017-06-13 17:00:04.509][main][INFO][][]o.s.b.a.e.m.EndpointHandlerMapping:543 Mapped "{[/restart || /restart.json],methods=[POST]}" onto public java.lang.Object org.springframework.cloud.context.restart.RestartMvcEndpoint.invoke()
[2017-06-13 17:00:04.511][main][INFO][][]o.s.b.a.e.m.EndpointHandlerMapping:543 Mapped "{[/service-registry/instance-status],methods=[GET]}" onto public org.springframework.http.ResponseEntity org.springframework.cloud.client.serviceregistry.endpoint.ServiceRegistryEndpoint.getStatus()
[2017-06-13 17:00:04.512][main][INFO][][]o.s.b.a.e.m.EndpointHandlerMapping:543 Mapped "{[/service-registry/instance-status],methods=[POST]}" onto public org.springframework.http.ResponseEntity<?> org.springframework.cloud.client.serviceregistry.endpoint.ServiceRegistryEndpoint.setStatus(java.lang.String)
[2017-06-13 17:00:04.515][main][INFO][][]o.s.b.a.e.m.EndpointHandlerMapping:543 Mapped "{[/resume || /resume.json],methods=[POST]}" onto public java.lang.Object org.springframework.cloud.endpoint.GenericPostableMvcEndpoint.invoke()
[2017-06-13 17:00:04.516][main][INFO][][]o.s.b.a.e.m.EndpointHandlerMapping:543 Mapped "{[/autoconfig || /autoconfig.json],methods=[GET],produces=[application/vnd.spring-boot.actuator.v1+json || application/json]}" onto public java.lang.Object org.springframework.boot.actuate.endpoint.mvc.EndpointMvcAdapter.invoke()
[2017-06-13 17:00:04.517][main][INFO][][]o.s.b.a.e.m.EndpointHandlerMapping:543 Mapped "{[/pause || /pause.json],methods=[POST]}" onto public java.lang.Object org.springframework.cloud.endpoint.GenericPostableMvcEndpoint.invoke()
[2017-06-13 17:00:04.519][main][INFO][][]o.s.b.a.e.m.EndpointHandlerMapping:543 Mapped "{[/configprops || /configprops.json],methods=[GET],produces=[application/vnd.spring-boot.actuator.v1+json || application/json]}" onto public java.lang.Object org.springframework.boot.actuate.endpoint.mvc.EndpointMvcAdapter.invoke()
[2017-06-13 17:00:04.520][main][INFO][][]o.s.b.a.e.m.EndpointHandlerMapping:543 Mapped "{[/env/{name:.*}],methods=[GET],produces=[application/vnd.spring-boot.actuator.v1+json || application/json]}" onto public java.lang.Object org.springframework.boot.actuate.endpoint.mvc.EnvironmentMvcEndpoint.value(java.lang.String)
[2017-06-13 17:00:04.521][main][INFO][][]o.s.b.a.e.m.EndpointHandlerMapping:543 Mapped "{[/env || /env.json],methods=[GET],produces=[application/vnd.spring-boot.actuator.v1+json || application/json]}" onto public java.lang.Object org.springframework.boot.actuate.endpoint.mvc.EndpointMvcAdapter.invoke()
[2017-06-13 17:00:04.522][main][INFO][][]o.s.b.a.e.m.EndpointHandlerMapping:543 Mapped "{[/hystrix.stream/**]}" onto public org.springframework.web.servlet.ModelAndView org.springframework.cloud.netflix.endpoint.ServletWrappingEndpoint.handle(javax.servlet.http.HttpServletRequest,javax.servlet.http.HttpServletResponse) throws java.lang.Exception
[2017-06-13 17:00:04.524][main][INFO][][]o.s.b.a.e.m.EndpointHandlerMapping:543 Mapped "{[/beans || /beans.json],methods=[GET],produces=[application/vnd.spring-boot.actuator.v1+json || application/json]}" onto public java.lang.Object org.springframework.boot.actuate.endpoint.mvc.EndpointMvcAdapter.invoke()
[2017-06-13 17:00:04.525][main][INFO][][]o.s.b.a.e.m.EndpointHandlerMapping:543 Mapped "{[/routes || /routes.json],methods=[POST]}" onto public java.lang.Object org.springframework.cloud.netflix.zuul.RoutesMvcEndpoint.reset()
[2017-06-13 17:00:04.526][main][INFO][][]o.s.b.a.e.m.EndpointHandlerMapping:543 Mapped "{[/routes || /routes.json],methods=[GET],produces=[application/vnd.spring-boot.actuator.v1+json || application/json]}" onto public java.lang.Object org.springframework.boot.actuate.endpoint.mvc.EndpointMvcAdapter.invoke()
[2017-06-13 17:00:04.527][main][INFO][][]o.s.b.a.e.m.EndpointHandlerMapping:543 Mapped "{[/dump || /dump.json],methods=[GET],produces=[application/vnd.spring-boot.actuator.v1+json || application/json]}" onto public java.lang.Object org.springframework.boot.actuate.endpoint.mvc.EndpointMvcAdapter.invoke()
[2017-06-13 17:00:05.016][main][WARN][][]c.n.c.s.URLConfigurationSource:121 No URLs will be polled as dynamic configuration sources.
[2017-06-13 17:00:05.017][main][INFO][][]c.n.c.s.URLConfigurationSource:122 To enable URLs as dynamic configuration sources, define System property archaius.configurationSource.additionalUrls or make config.properties available on classpath.
[2017-06-13 17:00:05.406][main][INFO][][]o.s.j.e.a.AnnotationMBeanExporter:431 Registering beans for JMX exposure on startup
[2017-06-13 17:00:05.429][main][INFO][][]o.s.j.e.a.AnnotationMBeanExporter:916 Bean with name 'zuulEndpoint' has been autodetected for JMX exposure
[2017-06-13 17:00:05.432][main][INFO][][]o.s.j.e.a.AnnotationMBeanExporter:916 Bean with name 'zuulMvcEndpoint' has been autodetected for JMX exposure
[2017-06-13 17:00:05.434][main][INFO][][]o.s.j.e.a.AnnotationMBeanExporter:916 Bean with name 'environmentManager' has been autodetected for JMX exposure
[2017-06-13 17:00:05.437][main][INFO][][]o.s.j.e.a.AnnotationMBeanExporter:916 Bean with name 'configurationPropertiesRebinder' has been autodetected for JMX exposure
[2017-06-13 17:00:05.438][main][INFO][][]o.s.j.e.a.AnnotationMBeanExporter:916 Bean with name 'refreshEndpoint' has been autodetected for JMX exposure
[2017-06-13 17:00:05.439][main][INFO][][]o.s.j.e.a.AnnotationMBeanExporter:916 Bean with name 'restartEndpoint' has been autodetected for JMX exposure
[2017-06-13 17:00:05.442][main][INFO][][]o.s.j.e.a.AnnotationMBeanExporter:916 Bean with name 'serviceRegistryEndpoint' has been autodetected for JMX exposure
[2017-06-13 17:00:05.444][main][INFO][][]o.s.j.e.a.AnnotationMBeanExporter:916 Bean with name 'refreshScope' has been autodetected for JMX exposure
[2017-06-13 17:00:05.449][main][INFO][][]o.s.j.e.a.AnnotationMBeanExporter:678 Located managed bean 'zuulMvcEndpoint': registering with JMX server as MBean [org.springframework.cloud.netflix.zuul:name=zuulMvcEndpoint,type=RoutesMvcEndpoint]
[2017-06-13 17:00:05.478][main][INFO][][]o.s.j.e.a.AnnotationMBeanExporter:678 Located managed bean 'environmentManager': registering with JMX server as MBean [org.springframework.cloud.context.environment:name=environmentManager,type=EnvironmentManager]
[2017-06-13 17:00:05.486][main][INFO][][]o.s.j.e.a.AnnotationMBeanExporter:678 Located managed bean 'restartEndpoint': registering with JMX server as MBean [org.springframework.cloud.context.restart:name=restartEndpoint,type=RestartEndpoint]
[2017-06-13 17:00:05.508][main][INFO][][]o.s.j.e.a.AnnotationMBeanExporter:678 Located managed bean 'serviceRegistryEndpoint': registering with JMX server as MBean [org.springframework.cloud.client.serviceregistry.endpoint:name=serviceRegistryEndpoint,type=ServiceRegistryEndpoint]
[2017-06-13 17:00:05.514][main][INFO][][]o.s.j.e.a.AnnotationMBeanExporter:678 Located managed bean 'refreshScope': registering with JMX server as MBean [org.springframework.cloud.context.scope.refresh:name=refreshScope,type=RefreshScope]
[2017-06-13 17:00:05.532][main][INFO][][]o.s.j.e.a.AnnotationMBeanExporter:678 Located managed bean 'zuulEndpoint': registering with JMX server as MBean [org.springframework.cloud.netflix.zuul:name=zuulEndpoint,type=RoutesEndpoint]
[2017-06-13 17:00:05.534][main][WARN][][]o.s.j.e.a.AnnotationMBeanExporter:849 Bean with key 'zuulEndpoint' has been registered as an MBean but has no exposed attributes or operations
[2017-06-13 17:00:05.537][main][INFO][][]o.s.j.e.a.AnnotationMBeanExporter:678 Located managed bean 'configurationPropertiesRebinder': registering with JMX server as MBean [org.springframework.cloud.context.properties:name=configurationPropertiesRebinder,context=76f7d241,type=ConfigurationPropertiesRebinder]
[2017-06-13 17:00:05.548][main][INFO][][]o.s.j.e.a.AnnotationMBeanExporter:678 Located managed bean 'refreshEndpoint': registering with JMX server as MBean [org.springframework.cloud.endpoint:name=refreshEndpoint,type=RefreshEndpoint]
[2017-06-13 17:00:05.550][main][INFO][][]o.s.b.a.e.j.EndpointMBeanExporter:431 Registering beans for JMX exposure on startup
[2017-06-13 17:00:05.820][main][INFO][][]o.s.c.s.DefaultLifecycleProcessor:343 Starting beans in phase 0
[2017-06-13 17:00:05.834][main][INFO][][]o.s.c.n.e.InstanceInfoFactory:70 Setting initial instance status as: STARTING
[2017-06-13 17:00:05.917][main][INFO][][]c.n.d.DiscoveryClient:344 Initializing Eureka in region us-east-1
[2017-06-13 17:00:06.141][main][INFO][][]c.n.d.p.DiscoveryJerseyProvider:70 Using JSON encoding codec LegacyJacksonJson
[2017-06-13 17:00:06.141][main][INFO][][]c.n.d.p.DiscoveryJerseyProvider:71 Using JSON decoding codec LegacyJacksonJson
[2017-06-13 17:00:06.403][main][INFO][][]c.n.d.p.DiscoveryJerseyProvider:80 Using XML encoding codec XStreamXml
[2017-06-13 17:00:06.404][main][INFO][][]c.n.d.p.DiscoveryJerseyProvider:81 Using XML decoding codec XStreamXml
[2017-06-13 17:00:06.748][main][INFO][][]c.n.d.s.r.a.ConfigClusterResolver:43 Resolving eureka endpoints via configuration
[2017-06-13 17:00:06.914][main][INFO][][]c.n.d.DiscoveryClient:920 Disable delta property : false
[2017-06-13 17:00:06.915][main][INFO][][]c.n.d.DiscoveryClient:921 Single vip registry refresh property : null
[2017-06-13 17:00:06.915][main][INFO][][]c.n.d.DiscoveryClient:922 Force full registry fetch : false
[2017-06-13 17:00:06.916][main][INFO][][]c.n.d.DiscoveryClient:923 Application is null : false
[2017-06-13 17:00:06.916][main][INFO][][]c.n.d.DiscoveryClient:924 Registered Applications size is zero : true
[2017-06-13 17:00:06.917][main][INFO][][]c.n.d.DiscoveryClient:926 Application version is -1: true
[2017-06-13 17:00:06.918][main][INFO][][]c.n.d.DiscoveryClient:1009 Getting all instance registry info from the eureka server
[2017-06-13 17:00:07.236][main][INFO][][]c.n.d.DiscoveryClient:1018 The response status is 200
[2017-06-13 17:00:07.240][main][INFO][][]c.n.d.DiscoveryClient:1244 Starting heartbeat executor: renew interval is: 30
[2017-06-13 17:00:07.244][main][INFO][][]c.n.d.InstanceInfoReplicator:59 InstanceInfoReplicator onDemand update allowed rate per min is 4
[2017-06-13 17:00:07.249][main][INFO][][]c.n.d.DiscoveryClient:425 Discovery Client initialized at timestamp 1497344407248 with initial instances count: 2
[2017-06-13 17:00:07.426][main][INFO][][]o.s.c.n.e.s.EurekaServiceRegistry:40 Registering application service-zuul with eureka with status UP
[2017-06-13 17:00:07.427][main][INFO][][]c.n.d.DiscoveryClient:1279 Saw local status change event StatusChangeEvent [timestamp=1497344407427, current=UP, previous=STARTING]
[2017-06-13 17:00:07.430][DiscoveryClient-InstanceInfoReplicator-0][INFO][][]c.n.d.DiscoveryClient:795 DiscoveryClient_SERVICE-ZUUL/PC9736-20160831.ebaotech.com:service-zuul:8769: registering service...
[2017-06-13 17:00:07.447][main][INFO][][]o.s.b.a.e.j.EndpointMBeanExporter:678 Located managed bean 'auditEventsEndpoint': registering with JMX server as MBean [org.springframework.boot:type=Endpoint,name=auditEventsEndpoint]
[2017-06-13 17:00:07.467][main][INFO][][]o.s.b.a.e.j.EndpointMBeanExporter:678 Located managed bean 'featuresEndpoint': registering with JMX server as MBean [org.springframework.boot:type=Endpoint,name=featuresEndpoint]
[2017-06-13 17:00:07.482][main][INFO][][]o.s.b.a.e.j.EndpointMBeanExporter:678 Located managed bean 'requestMappingEndpoint': registering with JMX server as MBean [org.springframework.boot:type=Endpoint,name=requestMappingEndpoint]
[2017-06-13 17:00:07.487][main][INFO][][]o.s.b.a.e.j.EndpointMBeanExporter:678 Located managed bean 'environmentEndpoint': registering with JMX server as MBean [org.springframework.boot:type=Endpoint,name=environmentEndpoint]
[2017-06-13 17:00:07.492][main][INFO][][]o.s.b.a.e.j.EndpointMBeanExporter:678 Located managed bean 'healthEndpoint': registering with JMX server as MBean [org.springframework.boot:type=Endpoint,name=healthEndpoint]
[2017-06-13 17:00:07.498][main][INFO][][]o.s.b.a.e.j.EndpointMBeanExporter:678 Located managed bean 'beansEndpoint': registering with JMX server as MBean [org.springframework.boot:type=Endpoint,name=beansEndpoint]
[2017-06-13 17:00:07.510][main][INFO][][]o.s.b.a.e.j.EndpointMBeanExporter:678 Located managed bean 'infoEndpoint': registering with JMX server as MBean [org.springframework.boot:type=Endpoint,name=infoEndpoint]
[2017-06-13 17:00:07.515][main][INFO][][]o.s.b.a.e.j.EndpointMBeanExporter:678 Located managed bean 'loggersEndpoint': registering with JMX server as MBean [org.springframework.boot:type=Endpoint,name=loggersEndpoint]
[2017-06-13 17:00:07.525][main][INFO][][]o.s.b.a.e.j.EndpointMBeanExporter:678 Located managed bean 'metricsEndpoint': registering with JMX server as MBean [org.springframework.boot:type=Endpoint,name=metricsEndpoint]
[2017-06-13 17:00:07.530][main][INFO][][]o.s.b.a.e.j.EndpointMBeanExporter:678 Located managed bean 'traceEndpoint': registering with JMX server as MBean [org.springframework.boot:type=Endpoint,name=traceEndpoint]
[2017-06-13 17:00:07.535][main][INFO][][]o.s.b.a.e.j.EndpointMBeanExporter:678 Located managed bean 'dumpEndpoint': registering with JMX server as MBean [org.springframework.boot:type=Endpoint,name=dumpEndpoint]
[2017-06-13 17:00:07.538][main][INFO][][]o.s.b.a.e.j.EndpointMBeanExporter:678 Located managed bean 'autoConfigurationReportEndpoint': registering with JMX server as MBean [org.springframework.boot:type=Endpoint,name=autoConfigurationReportEndpoint]
[2017-06-13 17:00:07.542][main][INFO][][]o.s.b.a.e.j.EndpointMBeanExporter:678 Located managed bean 'configurationPropertiesReportEndpoint': registering with JMX server as MBean [org.springframework.boot:type=Endpoint,name=configurationPropertiesReportEndpoint]
[2017-06-13 17:00:07.546][main][INFO][][]o.s.b.a.e.j.EndpointMBeanExporter:678 Located managed bean 'archaiusEndpoint': registering with JMX server as MBean [org.springframework.boot:type=Endpoint,name=archaiusEndpoint]
[2017-06-13 17:00:07.549][main][INFO][][]o.s.c.s.DefaultLifecycleProcessor:343 Starting beans in phase 2147483647
[2017-06-13 17:00:07.563][main][INFO][][]o.s.c.n.h.HystrixCircuitBreakerConfiguration$HystrixMetricsPollerConfiguration:138 Starting poller
[2017-06-13 17:00:08.201][DiscoveryClient-InstanceInfoReplicator-0][INFO][][]c.n.d.DiscoveryClient:804 DiscoveryClient_SERVICE-ZUUL/PC9736-20160831.ebaotech.com:service-zuul:8769 - registration status: 204
[2017-06-13 17:00:08.241][main][INFO][][]o.a.c.h.Http11NioProtocol:179 Initializing ProtocolHandler ["http-nio-8769"]
[2017-06-13 17:00:08.271][main][INFO][][]o.a.c.h.Http11NioProtocol:179 Starting ProtocolHandler ["http-nio-8769"]
[2017-06-13 17:00:08.318][main][INFO][][]o.a.t.u.n.NioSelectorPool:179 Using a shared selector for servlet write/read
[2017-06-13 17:00:08.370][main][INFO][][]o.s.b.c.e.t.TomcatEmbeddedServletContainer:198 Tomcat started on port(s): 8769 (http)
[2017-06-13 17:00:08.374][main][INFO][][]o.s.c.n.e.s.EurekaAutoServiceRegistration:117 Updating port to 8769
[2017-06-13 17:00:08.382][main][INFO][][]c.m.c.GatewayApplication:57 Started GatewayApplication in 19.386 seconds (JVM running for 22.974)
[2017-06-13 17:01:58.160][http-nio-8769-exec-1][INFO][][]o.a.c.c.C.[.[.[/]:179 Initializing Spring FrameworkServlet 'dispatcherServlet'
[2017-06-13 17:01:58.160][http-nio-8769-exec-1][INFO][][]o.s.w.s.DispatcherServlet:489 FrameworkServlet 'dispatcherServlet': initialization started
[2017-06-13 17:01:58.234][http-nio-8769-exec-1][INFO][][]o.s.w.s.DispatcherServlet:508 FrameworkServlet 'dispatcherServlet': initialization completed in 73 ms
[2017-06-13 17:01:58.278][http-nio-8769-exec-1][INFO][][]o.s.c.n.z.w.ZuulHandlerMapping:362 Mapped URL path [/auth/**] onto handler of type [class org.springframework.cloud.netflix.zuul.web.ZuulController]
[2017-06-13 17:01:58.279][http-nio-8769-exec-1][INFO][][]o.s.c.n.z.w.ZuulHandlerMapping:362 Mapped URL path [/auth-service/**] onto handler of type [class org.springframework.cloud.netflix.zuul.web.ZuulController]
[2017-06-13 17:01:58.330][http-nio-8769-exec-1][INFO][][]c.m.c.f.TokenCheckFilter:17 access token check filter
[2017-06-13 17:01:58.388][http-nio-8769-exec-1][INFO][][]o.s.c.a.AnnotationConfigApplicationContext:582 Refreshing org.springframework.context.annotation.AnnotationConfigApplicationContext@2517c804: startup date [Tue Jun 13 17:01:58 CST 2017]; parent: org.springframework.boot.context.embedded.AnnotationConfigEmbeddedWebApplicationContext@76f7d241
[2017-06-13 17:01:58.536][http-nio-8769-exec-1][INFO][][]o.s.b.f.a.AutowiredAnnotationBeanPostProcessor:155 JSR-330 'javax.inject.Inject' annotation found and supported for autowiring
[2017-06-13 17:02:00.011][http-nio-8769-exec-1][INFO][][]c.n.c.ChainedDynamicProperty:115 Flipping property: auth-service.ribbon.ActiveConnectionsLimit to use NEXT property: niws.loadbalancer.availabilityFilteringRule.activeConnectionsLimit = 2147483647
[2017-06-13 17:02:00.062][http-nio-8769-exec-1][INFO][][]c.n.u.c.ShutdownEnabledTimer:58 Shutdown hook installed for: NFLoadBalancer-PingTimer-auth-service
[2017-06-13 17:02:00.242][http-nio-8769-exec-1][INFO][][]c.n.l.BaseLoadBalancer:192 Client: auth-service instantiated a LoadBalancer: DynamicServerListLoadBalancer:{NFLoadBalancer:name=auth-service,current list of Servers=[],Load balancer stats=Zone stats: {},Server stats: []}ServerList:null
[2017-06-13 17:02:00.284][http-nio-8769-exec-1][INFO][][]c.n.l.DynamicServerListLoadBalancer:214 Using serverListUpdater PollingServerListUpdater
[2017-06-13 17:02:00.641][http-nio-8769-exec-1][INFO][][]c.n.c.ChainedDynamicProperty:115 Flipping property: auth-service.ribbon.ActiveConnectionsLimit to use NEXT property: niws.loadbalancer.availabilityFilteringRule.activeConnectionsLimit = 2147483647
[2017-06-13 17:02:00.645][http-nio-8769-exec-1][INFO][][]c.n.l.DynamicServerListLoadBalancer:150 DynamicServerListLoadBalancer for client auth-service initialized: DynamicServerListLoadBalancer:{NFLoadBalancer:name=auth-service,current list of Servers=[PC9736-20160831.ebaotech.com:8762],Load balancer stats=Zone stats: {defaultzone=[Zone:defaultzone;	Instance count:1;	Active connections count: 0;	Circuit breaker tripped count: 0;	Active connections per server: 0.0;]
},Server stats: [[Server:PC9736-20160831.ebaotech.com:8762;	Zone:defaultZone;	Total Requests:0;	Successive connection failure:0;	Total blackout seconds:0;	Last connection made:Thu Jan 01 08:00:00 CST 1970;	First connection made: Thu Jan 01 08:00:00 CST 1970;	Active Connections:0;	total failure count in last (1000) msecs:0;	average resp time:0.0;	90 percentile resp time:0.0;	95 percentile resp time:0.0;	min resp time:0.0;	max resp time:0.0;	stddev resp time:0.0]
]}ServerList:org.springframework.cloud.netflix.ribbon.eureka.DomainExtractingServerList@1da0de9b
[2017-06-13 17:02:01.292][PollingServerListUpdater-0][INFO][][]c.n.c.ChainedDynamicProperty:115 Flipping property: auth-service.ribbon.ActiveConnectionsLimit to use NEXT property: niws.loadbalancer.availabilityFilteringRule.activeConnectionsLimit = 2147483647
[2017-06-13 17:02:08.054][http-nio-8769-exec-1][WARN][][]o.s.c.n.z.f.p.SendErrorFilter:78 Error during filtering
com.netflix.zuul.exception.ZuulException: Forwarding error
	at org.springframework.cloud.netflix.zuul.filters.route.RibbonRoutingFilter.handleException(RibbonRoutingFilter.java:183)
	at org.springframework.cloud.netflix.zuul.filters.route.RibbonRoutingFilter.forward(RibbonRoutingFilter.java:158)
	at org.springframework.cloud.netflix.zuul.filters.route.RibbonRoutingFilter.run(RibbonRoutingFilter.java:106)
	at com.netflix.zuul.ZuulFilter.runFilter(ZuulFilter.java:112)
	at com.netflix.zuul.FilterProcessor.processZuulFilter(FilterProcessor.java:193)
	at com.netflix.zuul.FilterProcessor.runFilters(FilterProcessor.java:157)
	at com.netflix.zuul.FilterProcessor.route(FilterProcessor.java:118)
	at com.netflix.zuul.ZuulRunner.route(ZuulRunner.java:96)
	at com.netflix.zuul.http.ZuulServlet.route(ZuulServlet.java:116)
	at com.netflix.zuul.http.ZuulServlet.service(ZuulServlet.java:81)
	at org.springframework.web.servlet.mvc.ServletWrappingController.handleRequestInternal(ServletWrappingController.java:157)
	at org.springframework.cloud.netflix.zuul.web.ZuulController.handleRequest(ZuulController.java:44)
	at org.springframework.web.servlet.mvc.SimpleControllerHandlerAdapter.handle(SimpleControllerHandlerAdapter.java:50)
	at org.springframework.web.servlet.DispatcherServlet.doDispatch(DispatcherServlet.java:963)
	at org.springframework.web.servlet.DispatcherServlet.doService(DispatcherServlet.java:897)
	at org.springframework.web.servlet.FrameworkServlet.processRequest(FrameworkServlet.java:970)
	at org.springframework.web.servlet.FrameworkServlet.doGet(FrameworkServlet.java:861)
	at javax.servlet.http.HttpServlet.service(HttpServlet.java:635)
	at org.springframework.web.servlet.FrameworkServlet.service(FrameworkServlet.java:846)
	at javax.servlet.http.HttpServlet.service(HttpServlet.java:742)
	at org.apache.catalina.core.ApplicationFilterChain.internalDoFilter(ApplicationFilterChain.java:231)
	at org.apache.catalina.core.ApplicationFilterChain.doFilter(ApplicationFilterChain.java:166)
	at org.apache.tomcat.websocket.server.WsFilter.doFilter(WsFilter.java:52)
	at org.apache.catalina.core.ApplicationFilterChain.internalDoFilter(ApplicationFilterChain.java:193)
	at org.apache.catalina.core.ApplicationFilterChain.doFilter(ApplicationFilterChain.java:166)
	at org.springframework.boot.web.filter.ApplicationContextHeaderFilter.doFilterInternal(ApplicationContextHeaderFilter.java:55)
	at org.springframework.web.filter.OncePerRequestFilter.doFilter(OncePerRequestFilter.java:107)
	at org.apache.catalina.core.ApplicationFilterChain.internalDoFilter(ApplicationFilterChain.java:193)
	at org.apache.catalina.core.ApplicationFilterChain.doFilter(ApplicationFilterChain.java:166)
	at org.springframework.boot.actuate.trace.WebRequestTraceFilter.doFilterInternal(WebRequestTraceFilter.java:110)
	at org.springframework.web.filter.OncePerRequestFilter.doFilter(OncePerRequestFilter.java:107)
	at org.apache.catalina.core.ApplicationFilterChain.internalDoFilter(ApplicationFilterChain.java:193)
	at org.apache.catalina.core.ApplicationFilterChain.doFilter(ApplicationFilterChain.java:166)
	at org.springframework.web.filter.RequestContextFilter.doFilterInternal(RequestContextFilter.java:99)
	at org.springframework.web.filter.OncePerRequestFilter.doFilter(OncePerRequestFilter.java:107)
	at org.apache.catalina.core.ApplicationFilterChain.internalDoFilter(ApplicationFilterChain.java:193)
	at org.apache.catalina.core.ApplicationFilterChain.doFilter(ApplicationFilterChain.java:166)
	at org.springframework.web.filter.HttpPutFormContentFilter.doFilterInternal(HttpPutFormContentFilter.java:105)
	at org.springframework.web.filter.OncePerRequestFilter.doFilter(OncePerRequestFilter.java:107)
	at org.apache.catalina.core.ApplicationFilterChain.internalDoFilter(ApplicationFilterChain.java:193)
	at org.apache.catalina.core.ApplicationFilterChain.doFilter(ApplicationFilterChain.java:166)
	at org.springframework.web.filter.HiddenHttpMethodFilter.doFilterInternal(HiddenHttpMethodFilter.java:81)
	at org.springframework.web.filter.OncePerRequestFilter.doFilter(OncePerRequestFilter.java:107)
	at org.apache.catalina.core.ApplicationFilterChain.internalDoFilter(ApplicationFilterChain.java:193)
	at org.apache.catalina.core.ApplicationFilterChain.doFilter(ApplicationFilterChain.java:166)
	at org.springframework.web.filter.CharacterEncodingFilter.doFilterInternal(CharacterEncodingFilter.java:197)
	at org.springframework.web.filter.OncePerRequestFilter.doFilter(OncePerRequestFilter.java:107)
	at org.apache.catalina.core.ApplicationFilterChain.internalDoFilter(ApplicationFilterChain.java:193)
	at org.apache.catalina.core.ApplicationFilterChain.doFilter(ApplicationFilterChain.java:166)
	at org.springframework.boot.actuate.autoconfigure.MetricsFilter.doFilterInternal(MetricsFilter.java:106)
	at org.springframework.web.filter.OncePerRequestFilter.doFilter(OncePerRequestFilter.java:107)
	at org.apache.catalina.core.ApplicationFilterChain.internalDoFilter(ApplicationFilterChain.java:193)
	at org.apache.catalina.core.ApplicationFilterChain.doFilter(ApplicationFilterChain.java:166)
	at org.apache.catalina.core.StandardWrapperValve.invoke(StandardWrapperValve.java:198)
	at org.apache.catalina.core.StandardContextValve.invoke(StandardContextValve.java:96)
	at org.apache.catalina.authenticator.AuthenticatorBase.invoke(AuthenticatorBase.java:478)
	at org.apache.catalina.core.StandardHostValve.invoke(StandardHostValve.java:140)
	at org.apache.catalina.valves.ErrorReportValve.invoke(ErrorReportValve.java:80)
	at org.apache.catalina.core.StandardEngineValve.invoke(StandardEngineValve.java:87)
	at org.apache.catalina.connector.CoyoteAdapter.service(CoyoteAdapter.java:342)
	at org.apache.coyote.http11.Http11Processor.service(Http11Processor.java:799)
	at org.apache.coyote.AbstractProcessorLight.process(AbstractProcessorLight.java:66)
	at org.apache.coyote.AbstractProtocol$ConnectionHandler.process(AbstractProtocol.java:861)
	at org.apache.tomcat.util.net.NioEndpoint$SocketProcessor.doRun(NioEndpoint.java:1455)
	at org.apache.tomcat.util.net.SocketProcessorBase.run(SocketProcessorBase.java:49)
	at java.util.concurrent.ThreadPoolExecutor.runWorker(ThreadPoolExecutor.java:1142)
	at java.util.concurrent.ThreadPoolExecutor$Worker.run(ThreadPoolExecutor.java:617)
	at org.apache.tomcat.util.threads.TaskThread$WrappingRunnable.run(TaskThread.java:61)
	at java.lang.Thread.run(Thread.java:745)
Caused by: com.netflix.hystrix.exception.HystrixRuntimeException: auth-service timed-out and no fallback available.
	at com.netflix.hystrix.AbstractCommand$22.call(AbstractCommand.java:819)
	at com.netflix.hystrix.AbstractCommand$22.call(AbstractCommand.java:804)
	at rx.internal.operators.OperatorOnErrorResumeNextViaFunction$4.onError(OperatorOnErrorResumeNextViaFunction.java:140)
	at rx.internal.operators.OnSubscribeDoOnEach$DoOnEachSubscriber.onError(OnSubscribeDoOnEach.java:87)
	at rx.internal.operators.OnSubscribeDoOnEach$DoOnEachSubscriber.onError(OnSubscribeDoOnEach.java:87)
	at com.netflix.hystrix.AbstractCommand$DeprecatedOnFallbackHookApplication$1.onError(AbstractCommand.java:1472)
	at com.netflix.hystrix.AbstractCommand$FallbackHookApplication$1.onError(AbstractCommand.java:1397)
	at rx.internal.operators.OnSubscribeDoOnEach$DoOnEachSubscriber.onError(OnSubscribeDoOnEach.java:87)
	at rx.observers.Subscribers$5.onError(Subscribers.java:230)
	at rx.internal.operators.OnSubscribeThrow.call(OnSubscribeThrow.java:44)
	at rx.internal.operators.OnSubscribeThrow.call(OnSubscribeThrow.java:28)
	at rx.Observable.unsafeSubscribe(Observable.java:10211)
	at rx.internal.operators.OnSubscribeDefer.call(OnSubscribeDefer.java:51)
	at rx.internal.operators.OnSubscribeDefer.call(OnSubscribeDefer.java:35)
	at rx.Observable.unsafeSubscribe(Observable.java:10211)
	at rx.internal.operators.OnSubscribeDoOnEach.call(OnSubscribeDoOnEach.java:41)
	at rx.internal.operators.OnSubscribeDoOnEach.call(OnSubscribeDoOnEach.java:30)
	at rx.internal.operators.OnSubscribeLift.call(OnSubscribeLift.java:48)
	at rx.internal.operators.OnSubscribeLift.call(OnSubscribeLift.java:30)
	at rx.internal.operators.OnSubscribeLift.call(OnSubscribeLift.java:48)
	at rx.internal.operators.OnSubscribeLift.call(OnSubscribeLift.java:30)
	at rx.Observable.unsafeSubscribe(Observable.java:10211)
	at rx.internal.operators.OnSubscribeDoOnEach.call(OnSubscribeDoOnEach.java:41)
	at rx.internal.operators.OnSubscribeDoOnEach.call(OnSubscribeDoOnEach.java:30)
	at rx.Observable.unsafeSubscribe(Observable.java:10211)
	at rx.internal.operators.OnSubscribeDoOnEach.call(OnSubscribeDoOnEach.java:41)
	at rx.internal.operators.OnSubscribeDoOnEach.call(OnSubscribeDoOnEach.java:30)
	at rx.internal.operators.OnSubscribeLift.call(OnSubscribeLift.java:48)
	at rx.internal.operators.OnSubscribeLift.call(OnSubscribeLift.java:30)
	at rx.Observable.unsafeSubscribe(Observable.java:10211)
	at rx.internal.operators.OnSubscribeDoOnEach.call(OnSubscribeDoOnEach.java:41)
	at rx.internal.operators.OnSubscribeDoOnEach.call(OnSubscribeDoOnEach.java:30)
	at rx.internal.operators.OnSubscribeLift.call(OnSubscribeLift.java:48)
	at rx.internal.operators.OnSubscribeLift.call(OnSubscribeLift.java:30)
	at rx.Observable.unsafeSubscribe(Observable.java:10211)
	at rx.internal.operators.OperatorOnErrorResumeNextViaFunction$4.onError(OperatorOnErrorResumeNextViaFunction.java:142)
	at rx.internal.operators.OnSubscribeDoOnEach$DoOnEachSubscriber.onError(OnSubscribeDoOnEach.java:87)
	at rx.internal.operators.OnSubscribeDoOnEach$DoOnEachSubscriber.onError(OnSubscribeDoOnEach.java:87)
	at com.netflix.hystrix.AbstractCommand$HystrixObservableTimeoutOperator$1$1.run(AbstractCommand.java:1154)
	at com.netflix.hystrix.strategy.concurrency.HystrixContextRunnable$1.call(HystrixContextRunnable.java:45)
	at com.netflix.hystrix.strategy.concurrency.HystrixContextRunnable$1.call(HystrixContextRunnable.java:41)
	at com.netflix.hystrix.strategy.concurrency.HystrixContextRunnable.run(HystrixContextRunnable.java:61)
	at com.netflix.hystrix.AbstractCommand$HystrixObservableTimeoutOperator$1.tick(AbstractCommand.java:1159)
	at com.netflix.hystrix.util.HystrixTimer$1.run(HystrixTimer.java:99)
	at java.util.concurrent.Executors$RunnableAdapter.call(Executors.java:511)
	at java.util.concurrent.FutureTask.runAndReset(FutureTask.java:308)
	at java.util.concurrent.ScheduledThreadPoolExecutor$ScheduledFutureTask.access$301(ScheduledThreadPoolExecutor.java:180)
	at java.util.concurrent.ScheduledThreadPoolExecutor$ScheduledFutureTask.run(ScheduledThreadPoolExecutor.java:294)
	at java.util.concurrent.ThreadPoolExecutor.runWorker(ThreadPoolExecutor.java:1142)
	at java.util.concurrent.ThreadPoolExecutor$Worker.run(ThreadPoolExecutor.java:617)
	... 1 common frames omitted
Caused by: java.util.concurrent.TimeoutException: null
	at com.netflix.hystrix.AbstractCommand.handleTimeoutViaFallback(AbstractCommand.java:997)
	at com.netflix.hystrix.AbstractCommand.access$500(AbstractCommand.java:60)
	at com.netflix.hystrix.AbstractCommand$12.call(AbstractCommand.java:610)
	at com.netflix.hystrix.AbstractCommand$12.call(AbstractCommand.java:601)
	at rx.internal.operators.OperatorOnErrorResumeNextViaFunction$4.onError(OperatorOnErrorResumeNextViaFunction.java:140)
	... 15 common frames omitted
[2017-06-13 17:02:39.198][http-nio-8769-exec-2][INFO][][]c.m.c.f.TokenCheckFilter:17 access token check filter
[2017-06-13 17:02:50.532][http-nio-8769-exec-3][INFO][][]c.m.c.f.TokenCheckFilter:17 access token check filter
[2017-06-13 17:05:06.938][AsyncResolver-bootstrap-executor-0][INFO][][]c.n.d.s.r.a.ConfigClusterResolver:43 Resolving eureka endpoints via configuration
[2017-06-13 17:10:06.958][AsyncResolver-bootstrap-executor-0][INFO][][]c.n.d.s.r.a.ConfigClusterResolver:43 Resolving eureka endpoints via configuration
[2017-06-13 17:15:06.976][AsyncResolver-bootstrap-executor-0][INFO][][]c.n.d.s.r.a.ConfigClusterResolver:43 Resolving eureka endpoints via configuration
[2017-06-13 17:17:58.910][http-nio-8769-exec-5][INFO][][]c.m.c.f.TokenCheckFilter:17 access token check filter
[2017-06-13 17:20:06.994][AsyncResolver-bootstrap-executor-0][INFO][][]c.n.d.s.r.a.ConfigClusterResolver:43 Resolving eureka endpoints via configuration
[2017-06-13 17:25:07.015][AsyncResolver-bootstrap-executor-0][INFO][][]c.n.d.s.r.a.ConfigClusterResolver:43 Resolving eureka endpoints via configuration
[2017-06-13 17:30:07.032][AsyncResolver-bootstrap-executor-0][INFO][][]c.n.d.s.r.a.ConfigClusterResolver:43 Resolving eureka endpoints via configuration
[2017-06-13 17:35:07.056][AsyncResolver-bootstrap-executor-0][INFO][][]c.n.d.s.r.a.ConfigClusterResolver:43 Resolving eureka endpoints via configuration
[2017-06-13 17:40:07.036][AsyncResolver-bootstrap-executor-0][INFO][][]c.n.d.s.r.a.ConfigClusterResolver:43 Resolving eureka endpoints via configuration
[2017-06-13 17:45:06.953][AsyncResolver-bootstrap-executor-0][INFO][][]c.n.d.s.r.a.ConfigClusterResolver:43 Resolving eureka endpoints via configuration
[2017-06-13 17:50:06.927][AsyncResolver-bootstrap-executor-0][INFO][][]c.n.d.s.r.a.ConfigClusterResolver:43 Resolving eureka endpoints via configuration
[2017-06-13 17:52:41.562][DiscoveryClient-HeartbeatExecutor-0][ERROR][][]c.n.d.s.t.d.RedirectingEurekaHttpClient:83 Request execution error
com.sun.jersey.api.client.ClientHandlerException: java.net.ConnectException: Connection refused: connect
	at com.sun.jersey.client.apache4.ApacheHttpClient4Handler.handle(ApacheHttpClient4Handler.java:187)
	at com.sun.jersey.api.client.filter.GZIPContentEncodingFilter.handle(GZIPContentEncodingFilter.java:123)
	at com.netflix.discovery.EurekaIdentityHeaderFilter.handle(EurekaIdentityHeaderFilter.java:27)
	at com.sun.jersey.api.client.Client.handle(Client.java:652)
	at com.sun.jersey.api.client.WebResource.handle(WebResource.java:682)
	at com.sun.jersey.api.client.WebResource.access$200(WebResource.java:74)
	at com.sun.jersey.api.client.WebResource$Builder.put(WebResource.java:529)
	at com.netflix.discovery.shared.transport.jersey.AbstractJerseyEurekaHttpClient.sendHeartBeat(AbstractJerseyEurekaHttpClient.java:102)
	at com.netflix.discovery.shared.transport.decorator.EurekaHttpClientDecorator$3.execute(EurekaHttpClientDecorator.java:92)
	at com.netflix.discovery.shared.transport.decorator.MetricsCollectingEurekaHttpClient.execute(MetricsCollectingEurekaHttpClient.java:73)
	at com.netflix.discovery.shared.transport.decorator.EurekaHttpClientDecorator.sendHeartBeat(EurekaHttpClientDecorator.java:89)
	at com.netflix.discovery.shared.transport.decorator.EurekaHttpClientDecorator$3.execute(EurekaHttpClientDecorator.java:92)
	at com.netflix.discovery.shared.transport.decorator.RedirectingEurekaHttpClient.executeOnNewServer(RedirectingEurekaHttpClient.java:118)
	at com.netflix.discovery.shared.transport.decorator.RedirectingEurekaHttpClient.execute(RedirectingEurekaHttpClient.java:79)
	at com.netflix.discovery.shared.transport.decorator.EurekaHttpClientDecorator.sendHeartBeat(EurekaHttpClientDecorator.java:89)
	at com.netflix.discovery.shared.transport.decorator.EurekaHttpClientDecorator$3.execute(EurekaHttpClientDecorator.java:92)
	at com.netflix.discovery.shared.transport.decorator.RetryableEurekaHttpClient.execute(RetryableEurekaHttpClient.java:119)
	at com.netflix.discovery.shared.transport.decorator.EurekaHttpClientDecorator.sendHeartBeat(EurekaHttpClientDecorator.java:89)
	at com.netflix.discovery.shared.transport.decorator.EurekaHttpClientDecorator$3.execute(EurekaHttpClientDecorator.java:92)
	at com.netflix.discovery.shared.transport.decorator.SessionedEurekaHttpClient.execute(SessionedEurekaHttpClient.java:77)
	at com.netflix.discovery.shared.transport.decorator.EurekaHttpClientDecorator.sendHeartBeat(EurekaHttpClientDecorator.java:89)
	at com.netflix.discovery.DiscoveryClient.renew(DiscoveryClient.java:815)
	at com.netflix.discovery.DiscoveryClient$HeartbeatThread.run(DiscoveryClient.java:1379)
	at java.util.concurrent.Executors$RunnableAdapter.call(Executors.java:511)
	at java.util.concurrent.FutureTask.run(FutureTask.java:266)
	at java.util.concurrent.ThreadPoolExecutor.runWorker(ThreadPoolExecutor.java:1142)
	at java.util.concurrent.ThreadPoolExecutor$Worker.run(ThreadPoolExecutor.java:617)
	at java.lang.Thread.run(Thread.java:745)
Caused by: java.net.ConnectException: Connection refused: connect
	at java.net.DualStackPlainSocketImpl.waitForConnect(Native Method)
	at java.net.DualStackPlainSocketImpl.socketConnect(DualStackPlainSocketImpl.java:85)
	at java.net.AbstractPlainSocketImpl.doConnect(AbstractPlainSocketImpl.java:345)
	at java.net.AbstractPlainSocketImpl.connectToAddress(AbstractPlainSocketImpl.java:206)
	at java.net.AbstractPlainSocketImpl.connect(AbstractPlainSocketImpl.java:188)
	at java.net.PlainSocketImpl.connect(PlainSocketImpl.java:172)
	at java.net.SocksSocketImpl.connect(SocksSocketImpl.java:392)
	at java.net.Socket.connect(Socket.java:589)
	at org.apache.http.conn.scheme.PlainSocketFactory.connectSocket(PlainSocketFactory.java:121)
	at org.apache.http.impl.conn.DefaultClientConnectionOperator.openConnection(DefaultClientConnectionOperator.java:180)
	at org.apache.http.impl.conn.AbstractPoolEntry.open(AbstractPoolEntry.java:144)
	at org.apache.http.impl.conn.AbstractPooledConnAdapter.open(AbstractPooledConnAdapter.java:134)
	at org.apache.http.impl.client.DefaultRequestDirector.tryConnect(DefaultRequestDirector.java:610)
	at org.apache.http.impl.client.DefaultRequestDirector.execute(DefaultRequestDirector.java:445)
	at org.apache.http.impl.client.AbstractHttpClient.doExecute(AbstractHttpClient.java:835)
	at org.apache.http.impl.client.CloseableHttpClient.execute(CloseableHttpClient.java:118)
	at org.apache.http.impl.client.CloseableHttpClient.execute(CloseableHttpClient.java:56)
	at com.sun.jersey.client.apache4.ApacheHttpClient4Handler.handle(ApacheHttpClient4Handler.java:173)
	... 27 common frames omitted
[2017-06-13 17:52:41.570][DiscoveryClient-HeartbeatExecutor-0][WARN][][]c.n.d.s.t.d.RetryableEurekaHttpClient:129 Request execution failed with message: java.net.ConnectException: Connection refused: connect
[2017-06-13 17:52:41.619][DiscoveryClient-HeartbeatExecutor-0][ERROR][][]c.n.d.DiscoveryClient:824 DiscoveryClient_SERVICE-ZUUL/PC9736-20160831.ebaotech.com:service-zuul:8769 - was unable to send heartbeat!
com.netflix.discovery.shared.transport.TransportException: Cannot execute request on any known server
	at com.netflix.discovery.shared.transport.decorator.RetryableEurekaHttpClient.execute(RetryableEurekaHttpClient.java:111)
	at com.netflix.discovery.shared.transport.decorator.EurekaHttpClientDecorator.sendHeartBeat(EurekaHttpClientDecorator.java:89)
	at com.netflix.discovery.shared.transport.decorator.EurekaHttpClientDecorator$3.execute(EurekaHttpClientDecorator.java:92)
	at com.netflix.discovery.shared.transport.decorator.SessionedEurekaHttpClient.execute(SessionedEurekaHttpClient.java:77)
	at com.netflix.discovery.shared.transport.decorator.EurekaHttpClientDecorator.sendHeartBeat(EurekaHttpClientDecorator.java:89)
	at com.netflix.discovery.DiscoveryClient.renew(DiscoveryClient.java:815)
	at com.netflix.discovery.DiscoveryClient$HeartbeatThread.run(DiscoveryClient.java:1379)
	at java.util.concurrent.Executors$RunnableAdapter.call(Executors.java:511)
	at java.util.concurrent.FutureTask.run(FutureTask.java:266)
	at java.util.concurrent.ThreadPoolExecutor.runWorker(ThreadPoolExecutor.java:1142)
	at java.util.concurrent.ThreadPoolExecutor$Worker.run(ThreadPoolExecutor.java:617)
	at java.lang.Thread.run(Thread.java:745)
[2017-06-13 17:52:42.290][DiscoveryClient-CacheRefreshExecutor-0][ERROR][][]c.n.d.s.t.d.RedirectingEurekaHttpClient:91 Request execution error
com.sun.jersey.api.client.ClientHandlerException: java.net.ConnectException: Connection refused: connect
	at com.sun.jersey.client.apache4.ApacheHttpClient4Handler.handle(ApacheHttpClient4Handler.java:187)
	at com.sun.jersey.api.client.filter.GZIPContentEncodingFilter.handle(GZIPContentEncodingFilter.java:123)
	at com.netflix.discovery.EurekaIdentityHeaderFilter.handle(EurekaIdentityHeaderFilter.java:27)
	at com.sun.jersey.api.client.Client.handle(Client.java:652)
	at com.sun.jersey.api.client.WebResource.handle(WebResource.java:682)
	at com.sun.jersey.api.client.WebResource.access$200(WebResource.java:74)
	at com.sun.jersey.api.client.WebResource$Builder.get(WebResource.java:509)
	at com.netflix.discovery.shared.transport.jersey.AbstractJerseyEurekaHttpClient.getApplicationsInternal(AbstractJerseyEurekaHttpClient.java:194)
	at com.netflix.discovery.shared.transport.jersey.AbstractJerseyEurekaHttpClient.getDelta(AbstractJerseyEurekaHttpClient.java:170)
	at com.netflix.discovery.shared.transport.decorator.EurekaHttpClientDecorator$7.execute(EurekaHttpClientDecorator.java:152)
	at com.netflix.discovery.shared.transport.decorator.MetricsCollectingEurekaHttpClient.execute(MetricsCollectingEurekaHttpClient.java:73)
	at com.netflix.discovery.shared.transport.decorator.EurekaHttpClientDecorator.getDelta(EurekaHttpClientDecorator.java:149)
	at com.netflix.discovery.shared.transport.decorator.EurekaHttpClientDecorator$7.execute(EurekaHttpClientDecorator.java:152)
	at com.netflix.discovery.shared.transport.decorator.RedirectingEurekaHttpClient.execute(RedirectingEurekaHttpClient.java:89)
	at com.netflix.discovery.shared.transport.decorator.EurekaHttpClientDecorator.getDelta(EurekaHttpClientDecorator.java:149)
	at com.netflix.discovery.shared.transport.decorator.EurekaHttpClientDecorator$7.execute(EurekaHttpClientDecorator.java:152)
	at com.netflix.discovery.shared.transport.decorator.RetryableEurekaHttpClient.execute(RetryableEurekaHttpClient.java:119)
	at com.netflix.discovery.shared.transport.decorator.EurekaHttpClientDecorator.getDelta(EurekaHttpClientDecorator.java:149)
	at com.netflix.discovery.shared.transport.decorator.EurekaHttpClientDecorator$7.execute(EurekaHttpClientDecorator.java:152)
	at com.netflix.discovery.shared.transport.decorator.SessionedEurekaHttpClient.execute(SessionedEurekaHttpClient.java:77)
	at com.netflix.discovery.shared.transport.decorator.EurekaHttpClientDecorator.getDelta(EurekaHttpClientDecorator.java:149)
	at com.netflix.discovery.DiscoveryClient.getAndUpdateDelta(DiscoveryClient.java:1047)
	at com.netflix.discovery.DiscoveryClient.fetchRegistry(DiscoveryClient.java:929)
	at com.netflix.discovery.DiscoveryClient.refreshRegistry(DiscoveryClient.java:1451)
	at com.netflix.discovery.DiscoveryClient$CacheRefreshThread.run(DiscoveryClient.java:1418)
	at java.util.concurrent.Executors$RunnableAdapter.call(Executors.java:511)
	at java.util.concurrent.FutureTask.run(FutureTask.java:266)
	at java.util.concurrent.ThreadPoolExecutor.runWorker(ThreadPoolExecutor.java:1142)
	at java.util.concurrent.ThreadPoolExecutor$Worker.run(ThreadPoolExecutor.java:617)
	at java.lang.Thread.run(Thread.java:745)
Caused by: java.net.ConnectException: Connection refused: connect
	at java.net.DualStackPlainSocketImpl.waitForConnect(Native Method)
	at java.net.DualStackPlainSocketImpl.socketConnect(DualStackPlainSocketImpl.java:85)
	at java.net.AbstractPlainSocketImpl.doConnect(AbstractPlainSocketImpl.java:345)
	at java.net.AbstractPlainSocketImpl.connectToAddress(AbstractPlainSocketImpl.java:206)
	at java.net.AbstractPlainSocketImpl.connect(AbstractPlainSocketImpl.java:188)
	at java.net.PlainSocketImpl.connect(PlainSocketImpl.java:172)
	at java.net.SocksSocketImpl.connect(SocksSocketImpl.java:392)
	at java.net.Socket.connect(Socket.java:589)
	at org.apache.http.conn.scheme.PlainSocketFactory.connectSocket(PlainSocketFactory.java:121)
	at org.apache.http.impl.conn.DefaultClientConnectionOperator.openConnection(DefaultClientConnectionOperator.java:180)
	at org.apache.http.impl.conn.AbstractPoolEntry.open(AbstractPoolEntry.java:144)
	at org.apache.http.impl.conn.AbstractPooledConnAdapter.open(AbstractPooledConnAdapter.java:134)
	at org.apache.http.impl.client.DefaultRequestDirector.tryConnect(DefaultRequestDirector.java:610)
	at org.apache.http.impl.client.DefaultRequestDirector.execute(DefaultRequestDirector.java:445)
	at org.apache.http.impl.client.AbstractHttpClient.doExecute(AbstractHttpClient.java:835)
	at org.apache.http.impl.client.CloseableHttpClient.execute(CloseableHttpClient.java:118)
	at org.apache.http.impl.client.CloseableHttpClient.execute(CloseableHttpClient.java:56)
	at com.sun.jersey.client.apache4.ApacheHttpClient4Handler.handle(ApacheHttpClient4Handler.java:173)
	... 29 common frames omitted
[2017-06-13 17:52:42.294][DiscoveryClient-CacheRefreshExecutor-0][WARN][][]c.n.d.s.t.d.RetryableEurekaHttpClient:129 Request execution failed with message: java.net.ConnectException: Connection refused: connect
[2017-06-13 17:52:44.323][DiscoveryClient-CacheRefreshExecutor-0][ERROR][][]c.n.d.s.t.d.RedirectingEurekaHttpClient:83 Request execution error
com.sun.jersey.api.client.ClientHandlerException: java.net.ConnectException: Connection refused: connect
	at com.sun.jersey.client.apache4.ApacheHttpClient4Handler.handle(ApacheHttpClient4Handler.java:187)
	at com.sun.jersey.api.client.filter.GZIPContentEncodingFilter.handle(GZIPContentEncodingFilter.java:123)
	at com.netflix.discovery.EurekaIdentityHeaderFilter.handle(EurekaIdentityHeaderFilter.java:27)
	at com.sun.jersey.api.client.Client.handle(Client.java:652)
	at com.sun.jersey.api.client.WebResource.handle(WebResource.java:682)
	at com.sun.jersey.api.client.WebResource.access$200(WebResource.java:74)
	at com.sun.jersey.api.client.WebResource$Builder.get(WebResource.java:509)
	at com.netflix.discovery.shared.transport.jersey.AbstractJerseyEurekaHttpClient.getApplicationsInternal(AbstractJerseyEurekaHttpClient.java:194)
	at com.netflix.discovery.shared.transport.jersey.AbstractJerseyEurekaHttpClient.getDelta(AbstractJerseyEurekaHttpClient.java:170)
	at com.netflix.discovery.shared.transport.decorator.EurekaHttpClientDecorator$7.execute(EurekaHttpClientDecorator.java:152)
	at com.netflix.discovery.shared.transport.decorator.MetricsCollectingEurekaHttpClient.execute(MetricsCollectingEurekaHttpClient.java:73)
	at com.netflix.discovery.shared.transport.decorator.EurekaHttpClientDecorator.getDelta(EurekaHttpClientDecorator.java:149)
	at com.netflix.discovery.shared.transport.decorator.EurekaHttpClientDecorator$7.execute(EurekaHttpClientDecorator.java:152)
	at com.netflix.discovery.shared.transport.decorator.RedirectingEurekaHttpClient.executeOnNewServer(RedirectingEurekaHttpClient.java:118)
	at com.netflix.discovery.shared.transport.decorator.RedirectingEurekaHttpClient.execute(RedirectingEurekaHttpClient.java:79)
	at com.netflix.discovery.shared.transport.decorator.EurekaHttpClientDecorator.getDelta(EurekaHttpClientDecorator.java:149)
	at com.netflix.discovery.shared.transport.decorator.EurekaHttpClientDecorator$7.execute(EurekaHttpClientDecorator.java:152)
	at com.netflix.discovery.shared.transport.decorator.RetryableEurekaHttpClient.execute(RetryableEurekaHttpClient.java:119)
	at com.netflix.discovery.shared.transport.decorator.EurekaHttpClientDecorator.getDelta(EurekaHttpClientDecorator.java:149)
	at com.netflix.discovery.shared.transport.decorator.EurekaHttpClientDecorator$7.execute(EurekaHttpClientDecorator.java:152)
	at com.netflix.discovery.shared.transport.decorator.SessionedEurekaHttpClient.execute(SessionedEurekaHttpClient.java:77)
	at com.netflix.discovery.shared.transport.decorator.EurekaHttpClientDecorator.getDelta(EurekaHttpClientDecorator.java:149)
	at com.netflix.discovery.DiscoveryClient.getAndUpdateDelta(DiscoveryClient.java:1047)
	at com.netflix.discovery.DiscoveryClient.fetchRegistry(DiscoveryClient.java:929)
	at com.netflix.discovery.DiscoveryClient.refreshRegistry(DiscoveryClient.java:1451)
	at com.netflix.discovery.DiscoveryClient$CacheRefreshThread.run(DiscoveryClient.java:1418)
	at java.util.concurrent.Executors$RunnableAdapter.call(Executors.java:511)
	at java.util.concurrent.FutureTask.run(FutureTask.java:266)
	at java.util.concurrent.ThreadPoolExecutor.runWorker(ThreadPoolExecutor.java:1142)
	at java.util.concurrent.ThreadPoolExecutor$Worker.run(ThreadPoolExecutor.java:617)
	at java.lang.Thread.run(Thread.java:745)
Caused by: java.net.ConnectException: Connection refused: connect
	at java.net.DualStackPlainSocketImpl.waitForConnect(Native Method)
	at java.net.DualStackPlainSocketImpl.socketConnect(DualStackPlainSocketImpl.java:85)
	at java.net.AbstractPlainSocketImpl.doConnect(AbstractPlainSocketImpl.java:345)
	at java.net.AbstractPlainSocketImpl.connectToAddress(AbstractPlainSocketImpl.java:206)
	at java.net.AbstractPlainSocketImpl.connect(AbstractPlainSocketImpl.java:188)
	at java.net.PlainSocketImpl.connect(PlainSocketImpl.java:172)
	at java.net.SocksSocketImpl.connect(SocksSocketImpl.java:392)
	at java.net.Socket.connect(Socket.java:589)
	at org.apache.http.conn.scheme.PlainSocketFactory.connectSocket(PlainSocketFactory.java:121)
	at org.apache.http.impl.conn.DefaultClientConnectionOperator.openConnection(DefaultClientConnectionOperator.java:180)
	at org.apache.http.impl.conn.AbstractPoolEntry.open(AbstractPoolEntry.java:144)
	at org.apache.http.impl.conn.AbstractPooledConnAdapter.open(AbstractPooledConnAdapter.java:134)
	at org.apache.http.impl.client.DefaultRequestDirector.tryConnect(DefaultRequestDirector.java:610)
	at org.apache.http.impl.client.DefaultRequestDirector.execute(DefaultRequestDirector.java:445)
	at org.apache.http.impl.client.AbstractHttpClient.doExecute(AbstractHttpClient.java:835)
	at org.apache.http.impl.client.CloseableHttpClient.execute(CloseableHttpClient.java:118)
	at org.apache.http.impl.client.CloseableHttpClient.execute(CloseableHttpClient.java:56)
	at com.sun.jersey.client.apache4.ApacheHttpClient4Handler.handle(ApacheHttpClient4Handler.java:173)
	... 30 common frames omitted
[2017-06-13 17:52:44.332][DiscoveryClient-CacheRefreshExecutor-0][WARN][][]c.n.d.s.t.d.RetryableEurekaHttpClient:129 Request execution failed with message: java.net.ConnectException: Connection refused: connect
[2017-06-13 17:52:44.334][DiscoveryClient-CacheRefreshExecutor-0][ERROR][][]c.n.d.DiscoveryClient:934 DiscoveryClient_SERVICE-ZUUL/PC9736-20160831.ebaotech.com:service-zuul:8769 - was unable to refresh its cache! status = Cannot execute request on any known server
com.netflix.discovery.shared.transport.TransportException: Cannot execute request on any known server
	at com.netflix.discovery.shared.transport.decorator.RetryableEurekaHttpClient.execute(RetryableEurekaHttpClient.java:111)
	at com.netflix.discovery.shared.transport.decorator.EurekaHttpClientDecorator.getDelta(EurekaHttpClientDecorator.java:149)
	at com.netflix.discovery.shared.transport.decorator.EurekaHttpClientDecorator$7.execute(EurekaHttpClientDecorator.java:152)
	at com.netflix.discovery.shared.transport.decorator.SessionedEurekaHttpClient.execute(SessionedEurekaHttpClient.java:77)
	at com.netflix.discovery.shared.transport.decorator.EurekaHttpClientDecorator.getDelta(EurekaHttpClientDecorator.java:149)
	at com.netflix.discovery.DiscoveryClient.getAndUpdateDelta(DiscoveryClient.java:1047)
	at com.netflix.discovery.DiscoveryClient.fetchRegistry(DiscoveryClient.java:929)
	at com.netflix.discovery.DiscoveryClient.refreshRegistry(DiscoveryClient.java:1451)
	at com.netflix.discovery.DiscoveryClient$CacheRefreshThread.run(DiscoveryClient.java:1418)
	at java.util.concurrent.Executors$RunnableAdapter.call(Executors.java:511)
	at java.util.concurrent.FutureTask.run(FutureTask.java:266)
	at java.util.concurrent.ThreadPoolExecutor.runWorker(ThreadPoolExecutor.java:1142)
	at java.util.concurrent.ThreadPoolExecutor$Worker.run(ThreadPoolExecutor.java:617)
	at java.lang.Thread.run(Thread.java:745)
